Analysis & Elaboration report for SSOOO_CPU
Thu Jan 16 16:10:33 2025
Quartus Prime Version 23.1std.1 Build 993 05/14/2024 SC Lite Edition


---------------------
; Table of Contents ;
---------------------
  1. Legal Notice
  2. Analysis & Elaboration Summary
  3. Parallel Compilation
  4. Analysis & Elaboration IP Cores Summary
  5. Source assignments for SSOOO_CPU:cpu|DM:datamemory|DataMemory_IP:DataMemory|altsyncram:altsyncram_component|altsyncram_e3i1:auto_generated
  6. Parameter Settings for User Entity Instance: SSOOO_CPU:cpu
  7. Parameter Settings for User Entity Instance: SSOOO_CPU:cpu|PC_register:pcreg
  8. Parameter Settings for User Entity Instance: SSOOO_CPU:cpu|ROB:rob
  9. Parameter Settings for User Entity Instance: SSOOO_CPU:cpu|ALU_OPER:alu_op
 10. Parameter Settings for User Entity Instance: SSOOO_CPU:cpu|ALU:alu
 11. Parameter Settings for User Entity Instance: SSOOO_CPU:cpu|LdStBuffer:ldstbuffer
 12. Parameter Settings for User Entity Instance: SSOOO_CPU:cpu|DM:datamemory|DataMemory_IP:DataMemory|altsyncram:altsyncram_component
 13. altsyncram Parameter Settings by Entity Instance
 14. Analysis & Elaboration Settings
 15. Port Connectivity Checks: "SSOOO_CPU:cpu|CDB:cdb"
 16. Port Connectivity Checks: "SSOOO_CPU:cpu|LdStBuffer:ldstbuffer"
 17. Port Connectivity Checks: "SSOOO_CPU:cpu|ALU:alu"
 18. Port Connectivity Checks: "SSOOO_CPU:cpu|RS:rs"
 19. Port Connectivity Checks: "SSOOO_CPU:cpu|ROB:rob"
 20. Port Connectivity Checks: "SSOOO_CPU:cpu|RegFile:regfile"
 21. Port Connectivity Checks: "SSOOO_CPU:cpu"
 22. Analysis & Elaboration Messages
 23. Analysis & Elaboration Suppressed Messages



----------------
; Legal Notice ;
----------------
Copyright (C) 2024  Intel Corporation. All rights reserved.
Your use of Intel Corporation's design tools, logic functions 
and other software and tools, and any partner logic 
functions, and any output files from any of the foregoing 
(including device programming or simulation files), and any 
associated documentation or information are expressly subject 
to the terms and conditions of the Intel Program License 
Subscription Agreement, the Intel Quartus Prime License Agreement,
the Intel FPGA IP License Agreement, or other applicable license
agreement, including, without limitation, that your use is for
the sole purpose of programming logic devices manufactured by
Intel and sold by Intel or its authorized distributors.  Please
refer to the applicable agreement for further details, at
https://fpgasoftware.intel.com/eula.



+-------------------------------------------------------------------------------------+
; Analysis & Elaboration Summary                                                      ;
+------------------------------------+------------------------------------------------+
; Analysis & Elaboration Status      ; Successful - Thu Jan 16 16:10:33 2025          ;
; Quartus Prime Version              ; 23.1std.1 Build 993 05/14/2024 SC Lite Edition ;
; Revision Name                      ; SSOOO_CPU                                      ;
; Top-level Entity Name              ; SSOOO_Sim                                      ;
; Family                             ; MAX 10                                         ;
; Total logic elements               ; N/A until Partition Merge                      ;
;     Total combinational functions  ; N/A until Partition Merge                      ;
;     Dedicated logic registers      ; N/A until Partition Merge                      ;
; Total registers                    ; N/A until Partition Merge                      ;
; Total pins                         ; N/A until Partition Merge                      ;
; Total virtual pins                 ; N/A until Partition Merge                      ;
; Total memory bits                  ; N/A until Partition Merge                      ;
; Embedded Multiplier 9-bit elements ; N/A until Partition Merge                      ;
; Total PLLs                         ; N/A until Partition Merge                      ;
; UFM blocks                         ; N/A until Partition Merge                      ;
; ADC blocks                         ; N/A until Partition Merge                      ;
+------------------------------------+------------------------------------------------+


+------------------------------------------+
; Parallel Compilation                     ;
+----------------------------+-------------+
; Processors                 ; Number      ;
+----------------------------+-------------+
; Number detected on machine ; 12          ;
; Maximum allowed            ; 6           ;
;                            ;             ;
; Average used               ; 1.00        ;
; Maximum used               ; 1           ;
;                            ;             ;
; Usage by Processor         ; % Time Used ;
;     Processor 1            ; 100.0%      ;
+----------------------------+-------------+


+---------------------------------------------------------------------------------------------------------------------------------------------------+
; Analysis & Elaboration IP Cores Summary                                                                                                           ;
+--------+--------------+---------+--------------+--------------+-----------------------------------------------------------------+-----------------+
; Vendor ; IP Core Name ; Version ; Release Date ; License Type ; Entity Instance                                                 ; IP Include File ;
+--------+--------------+---------+--------------+--------------+-----------------------------------------------------------------+-----------------+
; Altera ; RAM: 1-PORT  ; 23.1    ; N/A          ; N/A          ; |SSOOO_Sim|SSOOO_CPU:cpu|DM:datamemory|DataMemory_IP:DataMemory ; DataMemory_IP.v ;
+--------+--------------+---------+--------------+--------------+-----------------------------------------------------------------+-----------------+


+--------------------------------------------------------------------------------------------------------------------------------------------+
; Source assignments for SSOOO_CPU:cpu|DM:datamemory|DataMemory_IP:DataMemory|altsyncram:altsyncram_component|altsyncram_e3i1:auto_generated ;
+---------------------------------+--------------------+------+------------------------------------------------------------------------------+
; Assignment                      ; Value              ; From ; To                                                                           ;
+---------------------------------+--------------------+------+------------------------------------------------------------------------------+
; OPTIMIZE_POWER_DURING_SYNTHESIS ; NORMAL_COMPILATION ; -    ; -                                                                            ;
+---------------------------------+--------------------+------+------------------------------------------------------------------------------+


+------------------------------------------------------------+
; Parameter Settings for User Entity Instance: SSOOO_CPU:cpu ;
+----------------+--------------+----------------------------+
; Parameter Name ; Value        ; Type                       ;
+----------------+--------------+----------------------------+
; add            ; 000000100000 ; Unsigned Binary            ;
; addu           ; 000000100001 ; Unsigned Binary            ;
; sub            ; 000000100010 ; Unsigned Binary            ;
; subu           ; 000000100011 ; Unsigned Binary            ;
; and_           ; 000000100100 ; Unsigned Binary            ;
; or_            ; 000000100101 ; Unsigned Binary            ;
; xor_           ; 000000100110 ; Unsigned Binary            ;
; nor_           ; 000000100111 ; Unsigned Binary            ;
; sll            ; 000000000000 ; Unsigned Binary            ;
; srl            ; 000000000010 ; Unsigned Binary            ;
; slt            ; 000000101010 ; Unsigned Binary            ;
; sgt            ; 000000101011 ; Unsigned Binary            ;
; jr             ; 000000001000 ; Unsigned Binary            ;
; addi           ; 001000000000 ; Unsigned Binary            ;
; andi           ; 001100000000 ; Unsigned Binary            ;
; ori            ; 001101000000 ; Unsigned Binary            ;
; xori           ; 001110000000 ; Unsigned Binary            ;
; lw             ; 100011000000 ; Unsigned Binary            ;
; sw             ; 101011000000 ; Unsigned Binary            ;
; slti           ; 001010000000 ; Unsigned Binary            ;
; beq            ; 000100000000 ; Unsigned Binary            ;
; bne            ; 000101000000 ; Unsigned Binary            ;
; j              ; 000010000000 ; Unsigned Binary            ;
; jal            ; 000011000000 ; Unsigned Binary            ;
; hlt_inst       ; 111111000000 ; Unsigned Binary            ;
+----------------+--------------+----------------------------+
Note: In order to hide this table in the UI and the text report file, please set the "Show Parameter Settings in Synthesis Report" option in "Analysis and Synthesis Settings -> More Settings" to "Off".


+------------------------------------------------------------------------------+
; Parameter Settings for User Entity Instance: SSOOO_CPU:cpu|PC_register:pcreg ;
+----------------+-------+-----------------------------------------------------+
; Parameter Name ; Value ; Type                                                ;
+----------------+-------+-----------------------------------------------------+
; initialaddr    ; -1    ; Signed Integer                                      ;
+----------------+-------+-----------------------------------------------------+
Note: In order to hide this table in the UI and the text report file, please set the "Show Parameter Settings in Synthesis Report" option in "Analysis and Synthesis Settings -> More Settings" to "Off".


+--------------------------------------------------------------------+
; Parameter Settings for User Entity Instance: SSOOO_CPU:cpu|ROB:rob ;
+----------------+--------------+------------------------------------+
; Parameter Name ; Value        ; Type                               ;
+----------------+--------------+------------------------------------+
; add            ; 000000100000 ; Unsigned Binary                    ;
; addu           ; 000000100001 ; Unsigned Binary                    ;
; sub            ; 000000100010 ; Unsigned Binary                    ;
; subu           ; 000000100011 ; Unsigned Binary                    ;
; and_           ; 000000100100 ; Unsigned Binary                    ;
; or_            ; 000000100101 ; Unsigned Binary                    ;
; xor_           ; 000000100110 ; Unsigned Binary                    ;
; nor_           ; 000000100111 ; Unsigned Binary                    ;
; sll            ; 000000000000 ; Unsigned Binary                    ;
; srl            ; 000000000010 ; Unsigned Binary                    ;
; slt            ; 000000101010 ; Unsigned Binary                    ;
; sgt            ; 000000101011 ; Unsigned Binary                    ;
; jr             ; 000000001000 ; Unsigned Binary                    ;
; addi           ; 001000000000 ; Unsigned Binary                    ;
; andi           ; 001100000000 ; Unsigned Binary                    ;
; ori            ; 001101000000 ; Unsigned Binary                    ;
; xori           ; 001110000000 ; Unsigned Binary                    ;
; lw             ; 100011000000 ; Unsigned Binary                    ;
; sw             ; 101011000000 ; Unsigned Binary                    ;
; slti           ; 001010000000 ; Unsigned Binary                    ;
; beq            ; 000100000000 ; Unsigned Binary                    ;
; bne            ; 000101000000 ; Unsigned Binary                    ;
; j              ; 000010000000 ; Unsigned Binary                    ;
; jal            ; 000011000000 ; Unsigned Binary                    ;
; hlt_inst       ; 111111000000 ; Unsigned Binary                    ;
+----------------+--------------+------------------------------------+
Note: In order to hide this table in the UI and the text report file, please set the "Show Parameter Settings in Synthesis Report" option in "Analysis and Synthesis Settings -> More Settings" to "Off".


+----------------------------------------------------------------------------+
; Parameter Settings for User Entity Instance: SSOOO_CPU:cpu|ALU_OPER:alu_op ;
+----------------+--------------+--------------------------------------------+
; Parameter Name ; Value        ; Type                                       ;
+----------------+--------------+--------------------------------------------+
; add            ; 000000100000 ; Unsigned Binary                            ;
; addu           ; 000000100001 ; Unsigned Binary                            ;
; sub            ; 000000100010 ; Unsigned Binary                            ;
; subu           ; 000000100011 ; Unsigned Binary                            ;
; and_           ; 000000100100 ; Unsigned Binary                            ;
; or_            ; 000000100101 ; Unsigned Binary                            ;
; xor_           ; 000000100110 ; Unsigned Binary                            ;
; nor_           ; 000000100111 ; Unsigned Binary                            ;
; sll            ; 000000000000 ; Unsigned Binary                            ;
; srl            ; 000000000010 ; Unsigned Binary                            ;
; slt            ; 000000101010 ; Unsigned Binary                            ;
; sgt            ; 000000101011 ; Unsigned Binary                            ;
; jr             ; 000000001000 ; Unsigned Binary                            ;
; addi           ; 001000000000 ; Unsigned Binary                            ;
; andi           ; 001100000000 ; Unsigned Binary                            ;
; ori            ; 001101000000 ; Unsigned Binary                            ;
; xori           ; 001110000000 ; Unsigned Binary                            ;
; lw             ; 100011000000 ; Unsigned Binary                            ;
; sw             ; 101011000000 ; Unsigned Binary                            ;
; slti           ; 001010000000 ; Unsigned Binary                            ;
; beq            ; 000100000000 ; Unsigned Binary                            ;
; bne            ; 000101000000 ; Unsigned Binary                            ;
; j              ; 000010000000 ; Unsigned Binary                            ;
; jal            ; 000011000000 ; Unsigned Binary                            ;
; hlt_inst       ; 111111000000 ; Unsigned Binary                            ;
+----------------+--------------+--------------------------------------------+
Note: In order to hide this table in the UI and the text report file, please set the "Show Parameter Settings in Synthesis Report" option in "Analysis and Synthesis Settings -> More Settings" to "Off".


+--------------------------------------------------------------------+
; Parameter Settings for User Entity Instance: SSOOO_CPU:cpu|ALU:alu ;
+----------------+--------------+------------------------------------+
; Parameter Name ; Value        ; Type                               ;
+----------------+--------------+------------------------------------+
; add            ; 000000100000 ; Unsigned Binary                    ;
; addu           ; 000000100001 ; Unsigned Binary                    ;
; sub            ; 000000100010 ; Unsigned Binary                    ;
; subu           ; 000000100011 ; Unsigned Binary                    ;
; and_           ; 000000100100 ; Unsigned Binary                    ;
; or_            ; 000000100101 ; Unsigned Binary                    ;
; xor_           ; 000000100110 ; Unsigned Binary                    ;
; nor_           ; 000000100111 ; Unsigned Binary                    ;
; sll            ; 000000000000 ; Unsigned Binary                    ;
; srl            ; 000000000010 ; Unsigned Binary                    ;
; slt            ; 000000101010 ; Unsigned Binary                    ;
; sgt            ; 000000101011 ; Unsigned Binary                    ;
; jr             ; 000000001000 ; Unsigned Binary                    ;
; addi           ; 001000000000 ; Unsigned Binary                    ;
; andi           ; 001100000000 ; Unsigned Binary                    ;
; ori            ; 001101000000 ; Unsigned Binary                    ;
; xori           ; 001110000000 ; Unsigned Binary                    ;
; lw             ; 100011000000 ; Unsigned Binary                    ;
; sw             ; 101011000000 ; Unsigned Binary                    ;
; slti           ; 001010000000 ; Unsigned Binary                    ;
; beq            ; 000100000000 ; Unsigned Binary                    ;
; bne            ; 000101000000 ; Unsigned Binary                    ;
; j              ; 000010000000 ; Unsigned Binary                    ;
; jal            ; 000011000000 ; Unsigned Binary                    ;
; hlt_inst       ; 111111000000 ; Unsigned Binary                    ;
+----------------+--------------+------------------------------------+
Note: In order to hide this table in the UI and the text report file, please set the "Show Parameter Settings in Synthesis Report" option in "Analysis and Synthesis Settings -> More Settings" to "Off".


+----------------------------------------------------------------------------------+
; Parameter Settings for User Entity Instance: SSOOO_CPU:cpu|LdStBuffer:ldstbuffer ;
+----------------+--------------+--------------------------------------------------+
; Parameter Name ; Value        ; Type                                             ;
+----------------+--------------+--------------------------------------------------+
; add            ; 000000100000 ; Unsigned Binary                                  ;
; addu           ; 000000100001 ; Unsigned Binary                                  ;
; sub            ; 000000100010 ; Unsigned Binary                                  ;
; subu           ; 000000100011 ; Unsigned Binary                                  ;
; and_           ; 000000100100 ; Unsigned Binary                                  ;
; or_            ; 000000100101 ; Unsigned Binary                                  ;
; xor_           ; 000000100110 ; Unsigned Binary                                  ;
; nor_           ; 000000100111 ; Unsigned Binary                                  ;
; sll            ; 000000000000 ; Unsigned Binary                                  ;
; srl            ; 000000000010 ; Unsigned Binary                                  ;
; slt            ; 000000101010 ; Unsigned Binary                                  ;
; sgt            ; 000000101011 ; Unsigned Binary                                  ;
; jr             ; 000000001000 ; Unsigned Binary                                  ;
; addi           ; 001000000000 ; Unsigned Binary                                  ;
; andi           ; 001100000000 ; Unsigned Binary                                  ;
; ori            ; 001101000000 ; Unsigned Binary                                  ;
; xori           ; 001110000000 ; Unsigned Binary                                  ;
; lw             ; 100011000000 ; Unsigned Binary                                  ;
; sw             ; 101011000000 ; Unsigned Binary                                  ;
; slti           ; 001010000000 ; Unsigned Binary                                  ;
; beq            ; 000100000000 ; Unsigned Binary                                  ;
; bne            ; 000101000000 ; Unsigned Binary                                  ;
; j              ; 000010000000 ; Unsigned Binary                                  ;
; jal            ; 000011000000 ; Unsigned Binary                                  ;
; hlt_inst       ; 111111000000 ; Unsigned Binary                                  ;
+----------------+--------------+--------------------------------------------------+
Note: In order to hide this table in the UI and the text report file, please set the "Show Parameter Settings in Synthesis Report" option in "Analysis and Synthesis Settings -> More Settings" to "Off".


+-----------------------------------------------------------------------------------------------------------------------------------+
; Parameter Settings for User Entity Instance: SSOOO_CPU:cpu|DM:datamemory|DataMemory_IP:DataMemory|altsyncram:altsyncram_component ;
+------------------------------------+----------------------+-----------------------------------------------------------------------+
; Parameter Name                     ; Value                ; Type                                                                  ;
+------------------------------------+----------------------+-----------------------------------------------------------------------+
; BYTE_SIZE_BLOCK                    ; 8                    ; Untyped                                                               ;
; AUTO_CARRY_CHAINS                  ; ON                   ; AUTO_CARRY                                                            ;
; IGNORE_CARRY_BUFFERS               ; OFF                  ; IGNORE_CARRY                                                          ;
; AUTO_CASCADE_CHAINS                ; ON                   ; AUTO_CASCADE                                                          ;
; IGNORE_CASCADE_BUFFERS             ; OFF                  ; IGNORE_CASCADE                                                        ;
; WIDTH_BYTEENA                      ; 1                    ; Untyped                                                               ;
; OPERATION_MODE                     ; SINGLE_PORT          ; Untyped                                                               ;
; WIDTH_A                            ; 32                   ; Signed Integer                                                        ;
; WIDTHAD_A                          ; 10                   ; Signed Integer                                                        ;
; NUMWORDS_A                         ; 1024                 ; Signed Integer                                                        ;
; OUTDATA_REG_A                      ; UNREGISTERED         ; Untyped                                                               ;
; ADDRESS_ACLR_A                     ; NONE                 ; Untyped                                                               ;
; OUTDATA_ACLR_A                     ; NONE                 ; Untyped                                                               ;
; WRCONTROL_ACLR_A                   ; NONE                 ; Untyped                                                               ;
; INDATA_ACLR_A                      ; NONE                 ; Untyped                                                               ;
; BYTEENA_ACLR_A                     ; NONE                 ; Untyped                                                               ;
; WIDTH_B                            ; 1                    ; Untyped                                                               ;
; WIDTHAD_B                          ; 1                    ; Untyped                                                               ;
; NUMWORDS_B                         ; 1                    ; Untyped                                                               ;
; INDATA_REG_B                       ; CLOCK1               ; Untyped                                                               ;
; WRCONTROL_WRADDRESS_REG_B          ; CLOCK1               ; Untyped                                                               ;
; RDCONTROL_REG_B                    ; CLOCK1               ; Untyped                                                               ;
; ADDRESS_REG_B                      ; CLOCK1               ; Untyped                                                               ;
; OUTDATA_REG_B                      ; UNREGISTERED         ; Untyped                                                               ;
; BYTEENA_REG_B                      ; CLOCK1               ; Untyped                                                               ;
; INDATA_ACLR_B                      ; NONE                 ; Untyped                                                               ;
; WRCONTROL_ACLR_B                   ; NONE                 ; Untyped                                                               ;
; ADDRESS_ACLR_B                     ; NONE                 ; Untyped                                                               ;
; OUTDATA_ACLR_B                     ; NONE                 ; Untyped                                                               ;
; RDCONTROL_ACLR_B                   ; NONE                 ; Untyped                                                               ;
; BYTEENA_ACLR_B                     ; NONE                 ; Untyped                                                               ;
; WIDTH_BYTEENA_A                    ; 1                    ; Signed Integer                                                        ;
; WIDTH_BYTEENA_B                    ; 1                    ; Untyped                                                               ;
; RAM_BLOCK_TYPE                     ; AUTO                 ; Untyped                                                               ;
; BYTE_SIZE                          ; 8                    ; Untyped                                                               ;
; READ_DURING_WRITE_MODE_MIXED_PORTS ; DONT_CARE            ; Untyped                                                               ;
; READ_DURING_WRITE_MODE_PORT_A      ; NEW_DATA_NO_NBE_READ ; Untyped                                                               ;
; READ_DURING_WRITE_MODE_PORT_B      ; NEW_DATA_NO_NBE_READ ; Untyped                                                               ;
; INIT_FILE                          ; DataMemory.MIF       ; Untyped                                                               ;
; INIT_FILE_LAYOUT                   ; PORT_A               ; Untyped                                                               ;
; MAXIMUM_DEPTH                      ; 0                    ; Untyped                                                               ;
; CLOCK_ENABLE_INPUT_A               ; BYPASS               ; Untyped                                                               ;
; CLOCK_ENABLE_INPUT_B               ; NORMAL               ; Untyped                                                               ;
; CLOCK_ENABLE_OUTPUT_A              ; BYPASS               ; Untyped                                                               ;
; CLOCK_ENABLE_OUTPUT_B              ; NORMAL               ; Untyped                                                               ;
; CLOCK_ENABLE_CORE_A                ; USE_INPUT_CLKEN      ; Untyped                                                               ;
; CLOCK_ENABLE_CORE_B                ; USE_INPUT_CLKEN      ; Untyped                                                               ;
; ENABLE_ECC                         ; FALSE                ; Untyped                                                               ;
; ECC_PIPELINE_STAGE_ENABLED         ; FALSE                ; Untyped                                                               ;
; WIDTH_ECCSTATUS                    ; 3                    ; Untyped                                                               ;
; DEVICE_FAMILY                      ; MAX 10               ; Untyped                                                               ;
; CBXI_PARAMETER                     ; altsyncram_e3i1      ; Untyped                                                               ;
+------------------------------------+----------------------+-----------------------------------------------------------------------+
Note: In order to hide this table in the UI and the text report file, please set the "Show Parameter Settings in Synthesis Report" option in "Analysis and Synthesis Settings -> More Settings" to "Off".


+----------------------------------------------------------------------------------------------------------------------------------+
; altsyncram Parameter Settings by Entity Instance                                                                                 ;
+-------------------------------------------+--------------------------------------------------------------------------------------+
; Name                                      ; Value                                                                                ;
+-------------------------------------------+--------------------------------------------------------------------------------------+
; Number of entity instances                ; 1                                                                                    ;
; Entity Instance                           ; SSOOO_CPU:cpu|DM:datamemory|DataMemory_IP:DataMemory|altsyncram:altsyncram_component ;
;     -- OPERATION_MODE                     ; SINGLE_PORT                                                                          ;
;     -- WIDTH_A                            ; 32                                                                                   ;
;     -- NUMWORDS_A                         ; 1024                                                                                 ;
;     -- OUTDATA_REG_A                      ; UNREGISTERED                                                                         ;
;     -- WIDTH_B                            ; 1                                                                                    ;
;     -- NUMWORDS_B                         ; 1                                                                                    ;
;     -- ADDRESS_REG_B                      ; CLOCK1                                                                               ;
;     -- OUTDATA_REG_B                      ; UNREGISTERED                                                                         ;
;     -- RAM_BLOCK_TYPE                     ; AUTO                                                                                 ;
;     -- READ_DURING_WRITE_MODE_MIXED_PORTS ; DONT_CARE                                                                            ;
+-------------------------------------------+--------------------------------------------------------------------------------------+


+------------------------------------------------------------------------------------------------------------+
; Analysis & Elaboration Settings                                                                            ;
+------------------------------------------------------------------+--------------------+--------------------+
; Option                                                           ; Setting            ; Default Value      ;
+------------------------------------------------------------------+--------------------+--------------------+
; Device                                                           ; 10M50DAF484C7G     ;                    ;
; Top-level entity name                                            ; SSOOO_Sim          ; SSOOO_CPU          ;
; Family name                                                      ; MAX 10             ; Cyclone V          ;
; Use smart compilation                                            ; Off                ; Off                ;
; Enable parallel Assembler and Timing Analyzer during compilation ; On                 ; On                 ;
; Enable compact report table                                      ; Off                ; Off                ;
; Restructure Multiplexers                                         ; Auto               ; Auto               ;
; Create Debugging Nodes for IP Cores                              ; Off                ; Off                ;
; Preserve fewer node names                                        ; On                 ; On                 ;
; Intel FPGA IP Evaluation Mode                                    ; Enable             ; Enable             ;
; Verilog Version                                                  ; Verilog_2001       ; Verilog_2001       ;
; VHDL Version                                                     ; VHDL_1993          ; VHDL_1993          ;
; State Machine Processing                                         ; Auto               ; Auto               ;
; Safe State Machine                                               ; Off                ; Off                ;
; Extract Verilog State Machines                                   ; On                 ; On                 ;
; Extract VHDL State Machines                                      ; On                 ; On                 ;
; Ignore Verilog initial constructs                                ; Off                ; Off                ;
; Iteration limit for constant Verilog loops                       ; 5000               ; 5000               ;
; Iteration limit for non-constant Verilog loops                   ; 250                ; 250                ;
; Add Pass-Through Logic to Inferred RAMs                          ; On                 ; On                 ;
; Infer RAMs from Raw Logic                                        ; On                 ; On                 ;
; Parallel Synthesis                                               ; On                 ; On                 ;
; DSP Block Balancing                                              ; Auto               ; Auto               ;
; NOT Gate Push-Back                                               ; On                 ; On                 ;
; Power-Up Don't Care                                              ; On                 ; On                 ;
; Remove Redundant Logic Cells                                     ; Off                ; Off                ;
; Remove Duplicate Registers                                       ; On                 ; On                 ;
; Ignore CARRY Buffers                                             ; Off                ; Off                ;
; Ignore CASCADE Buffers                                           ; Off                ; Off                ;
; Ignore GLOBAL Buffers                                            ; Off                ; Off                ;
; Ignore ROW GLOBAL Buffers                                        ; Off                ; Off                ;
; Ignore LCELL Buffers                                             ; Off                ; Off                ;
; Ignore SOFT Buffers                                              ; On                 ; On                 ;
; Limit AHDL Integers to 32 Bits                                   ; Off                ; Off                ;
; Optimization Technique                                           ; Balanced           ; Balanced           ;
; Carry Chain Length                                               ; 70                 ; 70                 ;
; Auto Carry Chains                                                ; On                 ; On                 ;
; Auto Open-Drain Pins                                             ; On                 ; On                 ;
; Perform WYSIWYG Primitive Resynthesis                            ; Off                ; Off                ;
; Auto ROM Replacement                                             ; On                 ; On                 ;
; Auto RAM Replacement                                             ; On                 ; On                 ;
; Auto DSP Block Replacement                                       ; On                 ; On                 ;
; Auto Shift Register Replacement                                  ; Auto               ; Auto               ;
; Allow Shift Register Merging across Hierarchies                  ; Auto               ; Auto               ;
; Auto Clock Enable Replacement                                    ; On                 ; On                 ;
; Strict RAM Replacement                                           ; Off                ; Off                ;
; Allow Synchronous Control Signals                                ; On                 ; On                 ;
; Force Use of Synchronous Clear Signals                           ; Off                ; Off                ;
; Auto RAM Block Balancing                                         ; On                 ; On                 ;
; Auto RAM to Logic Cell Conversion                                ; Off                ; Off                ;
; Auto Resource Sharing                                            ; Off                ; Off                ;
; Allow Any RAM Size For Recognition                               ; Off                ; Off                ;
; Allow Any ROM Size For Recognition                               ; Off                ; Off                ;
; Allow Any Shift Register Size For Recognition                    ; Off                ; Off                ;
; Use LogicLock Constraints during Resource Balancing              ; On                 ; On                 ;
; Ignore translate_off and synthesis_off directives                ; Off                ; Off                ;
; Timing-Driven Synthesis                                          ; On                 ; On                 ;
; Report Parameter Settings                                        ; On                 ; On                 ;
; Report Source Assignments                                        ; On                 ; On                 ;
; Report Connectivity Checks                                       ; On                 ; On                 ;
; Ignore Maximum Fan-Out Assignments                               ; Off                ; Off                ;
; Synchronization Register Chain Length                            ; 2                  ; 2                  ;
; Power Optimization During Synthesis                              ; Normal compilation ; Normal compilation ;
; HDL message level                                                ; Level2             ; Level2             ;
; Suppress Register Optimization Related Messages                  ; Off                ; Off                ;
; Number of Removed Registers Reported in Synthesis Report         ; 5000               ; 5000               ;
; Number of Swept Nodes Reported in Synthesis Report               ; 5000               ; 5000               ;
; Number of Inverted Registers Reported in Synthesis Report        ; 100                ; 100                ;
; Clock MUX Protection                                             ; On                 ; On                 ;
; Auto Gated Clock Conversion                                      ; Off                ; Off                ;
; Block Design Naming                                              ; Auto               ; Auto               ;
; SDC constraint protection                                        ; Off                ; Off                ;
; Synthesis Effort                                                 ; Auto               ; Auto               ;
; Shift Register Replacement - Allow Asynchronous Clear Signal     ; On                 ; On                 ;
; Pre-Mapping Resynthesis Optimization                             ; Off                ; Off                ;
; Analysis & Synthesis Message Level                               ; Medium             ; Medium             ;
; Disable Register Merging Across Hierarchies                      ; Auto               ; Auto               ;
; Resource Aware Inference For Block RAM                           ; On                 ; On                 ;
+------------------------------------------------------------------+--------------------+--------------------+


+------------------------------------------------------------------------------------------------------------------------------------------------------------------------------------+
; Port Connectivity Checks: "SSOOO_CPU:cpu|CDB:cdb"                                                                                                                                  ;
+-----------------+--------+----------+----------------------------------------------------------------------------------------------------------------------------------------------+
; Port            ; Type   ; Severity ; Details                                                                                                                                      ;
+-----------------+--------+----------+----------------------------------------------------------------------------------------------------------------------------------------------+
; ROBEN3          ; Input  ; Warning  ; Declared by entity but not connected by instance. If a default value exists, it will be used.  Otherwise, the port will be connected to GND. ;
; Write_Data3     ; Input  ; Warning  ; Declared by entity but not connected by instance. If a default value exists, it will be used.  Otherwise, the port will be connected to GND. ;
; ROBEN4          ; Input  ; Warning  ; Declared by entity but not connected by instance. If a default value exists, it will be used.  Otherwise, the port will be connected to GND. ;
; Write_Data4     ; Input  ; Warning  ; Declared by entity but not connected by instance. If a default value exists, it will be used.  Otherwise, the port will be connected to GND. ;
; out_ROBEN3      ; Output ; Warning  ; Declared by entity but not connected by instance. Logic that only feeds a dangling port will be removed.                                     ;
; out_Write_Data3 ; Output ; Warning  ; Declared by entity but not connected by instance. Logic that only feeds a dangling port will be removed.                                     ;
; out_ROBEN4      ; Output ; Warning  ; Declared by entity but not connected by instance. Logic that only feeds a dangling port will be removed.                                     ;
; out_Write_Data4 ; Output ; Warning  ; Declared by entity but not connected by instance. Logic that only feeds a dangling port will be removed.                                     ;
+-----------------+--------+----------+----------------------------------------------------------------------------------------------------------------------------------------------+


+----------------------------------------------------------------------------------------------------------------------------------------------------------------------------------------+
; Port Connectivity Checks: "SSOOO_CPU:cpu|LdStBuffer:ldstbuffer"                                                                                                                        ;
+---------------------+--------+----------+----------------------------------------------------------------------------------------------------------------------------------------------+
; Port                ; Type   ; Severity ; Details                                                                                                                                      ;
+---------------------+--------+----------+----------------------------------------------------------------------------------------------------------------------------------------------+
; out_Rd              ; Output ; Info     ; Connected to dangling logic. Logic that only feeds a dangling port will be removed.                                                          ;
; out_ROBEN1          ; Output ; Info     ; Connected to dangling logic. Logic that only feeds a dangling port will be removed.                                                          ;
; out_ROBEN2          ; Output ; Info     ; Connected to dangling logic. Logic that only feeds a dangling port will be removed.                                                          ;
; out_ROBEN1_VAL      ; Output ; Info     ; Connected to dangling logic. Logic that only feeds a dangling port will be removed.                                                          ;
; out_Immediate       ; Output ; Info     ; Connected to dangling logic. Logic that only feeds a dangling port will be removed.                                                          ;
; Start_Index         ; Output ; Info     ; Connected to dangling logic. Logic that only feeds a dangling port will be removed.                                                          ;
; End_Index           ; Output ; Info     ; Connected to dangling logic. Logic that only feeds a dangling port will be removed.                                                          ;
; index_test          ; Input  ; Warning  ; Declared by entity but not connected by instance. If a default value exists, it will be used.  Otherwise, the port will be connected to GND. ;
; Reg_Busy_test       ; Output ; Warning  ; Declared by entity but not connected by instance. Logic that only feeds a dangling port will be removed.                                     ;
; Reg_Ready_test      ; Output ; Warning  ; Declared by entity but not connected by instance. Logic that only feeds a dangling port will be removed.                                     ;
; Reg_opcode_test     ; Output ; Warning  ; Declared by entity but not connected by instance. Logic that only feeds a dangling port will be removed.                                     ;
; Reg_Rd_test         ; Output ; Warning  ; Declared by entity but not connected by instance. Logic that only feeds a dangling port will be removed.                                     ;
; Reg_Write_Data_test ; Output ; Warning  ; Declared by entity but not connected by instance. Logic that only feeds a dangling port will be removed.                                     ;
; Reg_EA_test         ; Output ; Warning  ; Declared by entity but not connected by instance. Logic that only feeds a dangling port will be removed.                                     ;
; Reg_ROBEN_test      ; Output ; Warning  ; Declared by entity but not connected by instance. Logic that only feeds a dangling port will be removed.                                     ;
; Reg_ROBEN1_test     ; Output ; Warning  ; Declared by entity but not connected by instance. Logic that only feeds a dangling port will be removed.                                     ;
; Reg_ROBEN2_test     ; Output ; Warning  ; Declared by entity but not connected by instance. Logic that only feeds a dangling port will be removed.                                     ;
; Reg_ROBEN1_VAL_test ; Output ; Warning  ; Declared by entity but not connected by instance. Logic that only feeds a dangling port will be removed.                                     ;
; Reg_ROBEN2_VAL_test ; Output ; Warning  ; Declared by entity but not connected by instance. Logic that only feeds a dangling port will be removed.                                     ;
; Reg_Immediate_test  ; Output ; Warning  ; Declared by entity but not connected by instance. Logic that only feeds a dangling port will be removed.                                     ;
+---------------------+--------+----------+----------------------------------------------------------------------------------------------------------------------------------------------+


+---------------------------------------------------------------------------------------------------------------------+
; Port Connectivity Checks: "SSOOO_CPU:cpu|ALU:alu"                                                                   ;
+-----------+--------+----------+-------------------------------------------------------------------------------------+
; Port      ; Type   ; Severity ; Details                                                                             ;
+-----------+--------+----------+-------------------------------------------------------------------------------------+
; FU_opcode ; Output ; Info     ; Connected to dangling logic. Logic that only feeds a dangling port will be removed. ;
+-----------+--------+----------+-------------------------------------------------------------------------------------+


+-------------------------------------------------------------------------------------------------------------------------------------------------------------------------------------+
; Port Connectivity Checks: "SSOOO_CPU:cpu|RS:rs"                                                                                                                                     ;
+------------------+--------+----------+----------------------------------------------------------------------------------------------------------------------------------------------+
; Port             ; Type   ; Severity ; Details                                                                                                                                      ;
+------------------+--------+----------+----------------------------------------------------------------------------------------------------------------------------------------------+
; FULL_FLAG        ; Output ; Info     ; Connected to dangling logic. Logic that only feeds a dangling port will be removed.                                                          ;
; RS_FU_RS_ID      ; Output ; Info     ; Connected to dangling logic. Logic that only feeds a dangling port will be removed.                                                          ;
; input_index_test ; Input  ; Warning  ; Declared by entity but not connected by instance. If a default value exists, it will be used.  Otherwise, the port will be connected to GND. ;
; opcode_test      ; Output ; Warning  ; Declared by entity but not connected by instance. Logic that only feeds a dangling port will be removed.                                     ;
; ALUOP_test       ; Output ; Warning  ; Declared by entity but not connected by instance. Logic that only feeds a dangling port will be removed.                                     ;
; ROBEN1_test      ; Output ; Warning  ; Declared by entity but not connected by instance. Logic that only feeds a dangling port will be removed.                                     ;
; ROBEN2_test      ; Output ; Warning  ; Declared by entity but not connected by instance. Logic that only feeds a dangling port will be removed.                                     ;
; ROBEN1_VAL_test  ; Output ; Warning  ; Declared by entity but not connected by instance. Logic that only feeds a dangling port will be removed.                                     ;
; ROBEN2_VAL_test  ; Output ; Warning  ; Declared by entity but not connected by instance. Logic that only feeds a dangling port will be removed.                                     ;
; Immediate_test   ; Output ; Warning  ; Declared by entity but not connected by instance. Logic that only feeds a dangling port will be removed.                                     ;
; busy_test        ; Output ; Warning  ; Declared by entity but not connected by instance. Logic that only feeds a dangling port will be removed.                                     ;
+------------------+--------+----------+----------------------------------------------------------------------------------------------------------------------------------------------+


+-------------------------------------------------------------------------------------------------------------------------------------------------------------------------------------------------+
; Port Connectivity Checks: "SSOOO_CPU:cpu|ROB:rob"                                                                                                                                               ;
+------------------------------+--------+----------+----------------------------------------------------------------------------------------------------------------------------------------------+
; Port                         ; Type   ; Severity ; Details                                                                                                                                      ;
+------------------------------+--------+----------+----------------------------------------------------------------------------------------------------------------------------------------------+
; EXCEPTION_Flag               ; Output ; Info     ; Connected to dangling logic. Logic that only feeds a dangling port will be removed.                                                          ;
; Commit_Control_Signals[1..0] ; Output ; Info     ; Connected to dangling logic. Logic that only feeds a dangling port will be removed.                                                          ;
; index_test                   ; Input  ; Warning  ; Declared by entity but not connected by instance. If a default value exists, it will be used.  Otherwise, the port will be connected to GND. ;
; Reg_opcode_test              ; Output ; Warning  ; Declared by entity but not connected by instance. Logic that only feeds a dangling port will be removed.                                     ;
; Reg_Rd_test                  ; Output ; Warning  ; Declared by entity but not connected by instance. Logic that only feeds a dangling port will be removed.                                     ;
; Reg_Write_Data_test          ; Output ; Warning  ; Declared by entity but not connected by instance. Logic that only feeds a dangling port will be removed.                                     ;
; Reg_Busy_test                ; Output ; Warning  ; Declared by entity but not connected by instance. Logic that only feeds a dangling port will be removed.                                     ;
; Reg_Ready_test               ; Output ; Warning  ; Declared by entity but not connected by instance. Logic that only feeds a dangling port will be removed.                                     ;
; Reg_Speculation_test         ; Output ; Warning  ; Declared by entity but not connected by instance. Logic that only feeds a dangling port will be removed.                                     ;
; Reg_Exception_test           ; Output ; Warning  ; Declared by entity but not connected by instance. Logic that only feeds a dangling port will be removed.                                     ;
; Reg_Valid_test               ; Output ; Warning  ; Declared by entity but not connected by instance. Logic that only feeds a dangling port will be removed.                                     ;
+------------------------------+--------+----------+----------------------------------------------------------------------------------------------------------------------------------------------+


+-------------------------------------------------------------------------------------------------------------------------------------------------------------------------------------------+
; Port Connectivity Checks: "SSOOO_CPU:cpu|RegFile:regfile"                                                                                                                                 ;
+------------------------+--------+----------+----------------------------------------------------------------------------------------------------------------------------------------------+
; Port                   ; Type   ; Severity ; Details                                                                                                                                      ;
+------------------------+--------+----------+----------------------------------------------------------------------------------------------------------------------------------------------+
; input_WP1_DRindex_test ; Input  ; Warning  ; Declared by entity but not connected by instance. If a default value exists, it will be used.  Otherwise, the port will be connected to GND. ;
; output_ROBEN_test      ; Output ; Warning  ; Declared by entity but not connected by instance. Logic that only feeds a dangling port will be removed.                                     ;
+------------------------+--------+----------+----------------------------------------------------------------------------------------------------------------------------------------------+


+---------------------------------------------------------------------------------------------------------------------------+
; Port Connectivity Checks: "SSOOO_CPU:cpu"                                                                                 ;
+-----------------+--------+----------+-------------------------------------------------------------------------------------+
; Port            ; Type   ; Severity ; Details                                                                             ;
+-----------------+--------+----------+-------------------------------------------------------------------------------------+
; rst             ; Input  ; Info     ; Stuck at GND                                                                        ;
; cycles_consumed ; Output ; Info     ; Connected to dangling logic. Logic that only feeds a dangling port will be removed. ;
+-----------------+--------+----------+-------------------------------------------------------------------------------------+


+---------------------------------+
; Analysis & Elaboration Messages ;
+---------------------------------+
Info: *******************************************************************
Info: Running Quartus Prime Analysis & Elaboration
    Info: Version 23.1std.1 Build 993 05/14/2024 SC Lite Edition
    Info: Processing started: Thu Jan 16 16:10:24 2025
Info: Command: quartus_map --read_settings_files=on --write_settings_files=off SSOOO_CPU -c SSOOO_CPU --analysis_and_elaboration
Warning (18236): Number of processors has not been specified which may cause overloading on shared machines.  Set the global assignment NUM_PARALLEL_PROCESSORS in your QSF to an appropriate value for best performance.
Info (20030): Parallel compilation is enabled and will use 6 of the 6 processors detected
Info (12021): Found 1 design units, including 1 entities, in source file ssooo_sim.v
    Info (12023): Found entity 1: SSOOO_Sim File: D:/GitHub Repos/JoSDC-SILICORE/SSOOO/SSOOO_Sim.v Line: 33
Info (12021): Found 1 design units, including 1 entities, in source file ssooo_cpu.v
    Info (12023): Found entity 1: SSOOO_CPU File: D:/GitHub Repos/JoSDC-SILICORE/SSOOO/SSOOO_CPU.v Line: 4
Info (12021): Found 1 design units, including 1 entities, in source file datamemory_ip.v
    Info (12023): Found entity 1: DataMemory_IP File: D:/GitHub Repos/JoSDC-SILICORE/SSOOO/DataMemory_IP.v Line: 40
Warning (10236): Verilog HDL Implicit Net warning at SSOOO_CPU.v(214): created implicit net for "FU_Branch_Decision" File: D:/GitHub Repos/JoSDC-SILICORE/SSOOO/SSOOO_CPU.v Line: 214
Info (12127): Elaborating entity "SSOOO_Sim" for the top level hierarchy
Warning (10755): Verilog HDL warning at SSOOO_Sim.v(42): assignments to clk create a combinational loop File: D:/GitHub Repos/JoSDC-SILICORE/SSOOO/SSOOO_Sim.v Line: 42
Warning (10175): Verilog HDL warning at SSOOO_Sim.v(52): ignoring unsupported system task File: D:/GitHub Repos/JoSDC-SILICORE/SSOOO/SSOOO_Sim.v Line: 52
Warning (10175): Verilog HDL warning at SSOOO_Sim.v(53): ignoring unsupported system task File: D:/GitHub Repos/JoSDC-SILICORE/SSOOO/SSOOO_Sim.v Line: 53
Info (10648): Verilog HDL Display System Task info at SSOOO_Sim.v(60): Number of cycles consumed:           0 File: D:/GitHub Repos/JoSDC-SILICORE/SSOOO/SSOOO_Sim.v Line: 60
Warning (10175): Verilog HDL warning at SSOOO_Sim.v(61): ignoring unsupported system task File: D:/GitHub Repos/JoSDC-SILICORE/SSOOO/SSOOO_Sim.v Line: 61
Info (12128): Elaborating entity "SSOOO_CPU" for hierarchy "SSOOO_CPU:cpu" File: D:/GitHub Repos/JoSDC-SILICORE/SSOOO/SSOOO_Sim.v Line: 39
Warning (12125): Using design file pc_register.v, which is not specified as a design file for the current project, but contains definitions for 1 design units and 1 entities in project
    Info (12023): Found entity 1: PC_register File: D:/GitHub Repos/JoSDC-SILICORE/SSOOO/pc_register.v Line: 2
Info (12128): Elaborating entity "PC_register" for hierarchy "SSOOO_CPU:cpu|PC_register:pcreg" File: D:/GitHub Repos/JoSDC-SILICORE/SSOOO/SSOOO_CPU.v Line: 135
Warning (12125): Using design file instruction queue/instq.v, which is not specified as a design file for the current project, but contains definitions for 1 design units and 1 entities in project
    Info (12023): Found entity 1: InstQ File: D:/GitHub Repos/JoSDC-SILICORE/SSOOO/instruction queue/instq.v Line: 2
Info (12128): Elaborating entity "InstQ" for hierarchy "SSOOO_CPU:cpu|InstQ:instq" File: D:/GitHub Repos/JoSDC-SILICORE/SSOOO/SSOOO_CPU.v Line: 152
Warning (10030): Net "InstMem.data_a" at instq.v(16) has no driver or initial value, using a default initial value '0' File: D:/GitHub Repos/JoSDC-SILICORE/SSOOO/instruction queue/instq.v Line: 16
Warning (10030): Net "InstMem.waddr_a" at instq.v(16) has no driver or initial value, using a default initial value '0' File: D:/GitHub Repos/JoSDC-SILICORE/SSOOO/instruction queue/instq.v Line: 16
Warning (10030): Net "InstMem.we_a" at instq.v(16) has no driver or initial value, using a default initial value '0' File: D:/GitHub Repos/JoSDC-SILICORE/SSOOO/instruction queue/instq.v Line: 16
Warning (12125): Using design file register file/regfile.v, which is not specified as a design file for the current project, but contains definitions for 1 design units and 1 entities in project
    Info (12023): Found entity 1: RegFile File: D:/GitHub Repos/JoSDC-SILICORE/SSOOO/register file/regfile.v Line: 2
Info (12128): Elaborating entity "RegFile" for hierarchy "SSOOO_CPU:cpu|RegFile:regfile" File: D:/GitHub Repos/JoSDC-SILICORE/SSOOO/SSOOO_CPU.v Line: 189
Warning (10240): Verilog HDL Always Construct warning at regfile.v(37): inferring latch(es) for variable "i", which holds its previous value in one or more paths through the always construct File: D:/GitHub Repos/JoSDC-SILICORE/SSOOO/register file/regfile.v Line: 37
Warning (12125): Using design file reorder buffer/rob.v, which is not specified as a design file for the current project, but contains definitions for 1 design units and 1 entities in project
    Info (12023): Found entity 1: ROB File: D:/GitHub Repos/JoSDC-SILICORE/SSOOO/reorder buffer/rob.v Line: 14
Info (12128): Elaborating entity "ROB" for hierarchy "SSOOO_CPU:cpu|ROB:rob" File: D:/GitHub Repos/JoSDC-SILICORE/SSOOO/SSOOO_CPU.v Line: 241
Warning (10230): Verilog HDL assignment warning at rob.v(143): truncated value with size 32 to match size of target (5) File: D:/GitHub Repos/JoSDC-SILICORE/SSOOO/reorder buffer/rob.v Line: 143
Warning (10230): Verilog HDL assignment warning at rob.v(188): truncated value with size 32 to match size of target (5) File: D:/GitHub Repos/JoSDC-SILICORE/SSOOO/reorder buffer/rob.v Line: 188
Warning (10240): Verilog HDL Always Construct warning at rob.v(141): inferring latch(es) for variable "i", which holds its previous value in one or more paths through the always construct File: D:/GitHub Repos/JoSDC-SILICORE/SSOOO/reorder buffer/rob.v Line: 141
Warning (12125): Using design file functional unit/alu_oper.v, which is not specified as a design file for the current project, but contains definitions for 1 design units and 1 entities in project
    Info (12023): Found entity 1: ALU_OPER File: D:/GitHub Repos/JoSDC-SILICORE/SSOOO/functional unit/alu_oper.v Line: 15
Info (12128): Elaborating entity "ALU_OPER" for hierarchy "SSOOO_CPU:cpu|ALU_OPER:alu_op" File: D:/GitHub Repos/JoSDC-SILICORE/SSOOO/SSOOO_CPU.v Line: 244
Warning (10270): Verilog HDL Case Statement warning at alu_oper.v(28): incomplete case statement has no default case item File: D:/GitHub Repos/JoSDC-SILICORE/SSOOO/functional unit/alu_oper.v Line: 28
Warning (10240): Verilog HDL Always Construct warning at alu_oper.v(28): inferring latch(es) for variable "ALU_OP", which holds its previous value in one or more paths through the always construct File: D:/GitHub Repos/JoSDC-SILICORE/SSOOO/functional unit/alu_oper.v Line: 28
Info (10041): Inferred latch for "ALU_OP[0]" at alu_oper.v(28) File: D:/GitHub Repos/JoSDC-SILICORE/SSOOO/functional unit/alu_oper.v Line: 28
Info (10041): Inferred latch for "ALU_OP[1]" at alu_oper.v(28) File: D:/GitHub Repos/JoSDC-SILICORE/SSOOO/functional unit/alu_oper.v Line: 28
Info (10041): Inferred latch for "ALU_OP[2]" at alu_oper.v(28) File: D:/GitHub Repos/JoSDC-SILICORE/SSOOO/functional unit/alu_oper.v Line: 28
Info (10041): Inferred latch for "ALU_OP[3]" at alu_oper.v(28) File: D:/GitHub Repos/JoSDC-SILICORE/SSOOO/functional unit/alu_oper.v Line: 28
Warning (10274): Verilog HDL macro warning at rs.v(39): overriding existing definition for macro "BUFFER_SIZE_bits", which was defined in "rob.v", line 60 File: D:/GitHub Repos/JoSDC-SILICORE/SSOOO/reservation station/rs.v Line: 39
Warning (12125): Using design file reservation station/rs.v, which is not specified as a design file for the current project, but contains definitions for 1 design units and 1 entities in project
    Info (12023): Found entity 1: RS File: D:/GitHub Repos/JoSDC-SILICORE/SSOOO/reservation station/rs.v Line: 1
Info (12128): Elaborating entity "RS" for hierarchy "SSOOO_CPU:cpu|RS:rs" File: D:/GitHub Repos/JoSDC-SILICORE/SSOOO/SSOOO_CPU.v Line: 313
Warning (10230): Verilog HDL assignment warning at rs.v(110): truncated value with size 32 to match size of target (5) File: D:/GitHub Repos/JoSDC-SILICORE/SSOOO/reservation station/rs.v Line: 110
Warning (10230): Verilog HDL assignment warning at rs.v(118): truncated value with size 32 to match size of target (5) File: D:/GitHub Repos/JoSDC-SILICORE/SSOOO/reservation station/rs.v Line: 118
Warning (10230): Verilog HDL assignment warning at rs.v(123): truncated value with size 32 to match size of target (5) File: D:/GitHub Repos/JoSDC-SILICORE/SSOOO/reservation station/rs.v Line: 123
Warning (10230): Verilog HDL assignment warning at rs.v(142): truncated value with size 32 to match size of target (5) File: D:/GitHub Repos/JoSDC-SILICORE/SSOOO/reservation station/rs.v Line: 142
Warning (10230): Verilog HDL assignment warning at rs.v(184): truncated value with size 32 to match size of target (5) File: D:/GitHub Repos/JoSDC-SILICORE/SSOOO/reservation station/rs.v Line: 184
Warning (12125): Using design file functional unit/alu.v, which is not specified as a design file for the current project, but contains definitions for 1 design units and 1 entities in project
    Info (12023): Found entity 1: ALU File: D:/GitHub Repos/JoSDC-SILICORE/SSOOO/functional unit/alu.v Line: 1
Info (12128): Elaborating entity "ALU" for hierarchy "SSOOO_CPU:cpu|ALU:alu" File: D:/GitHub Repos/JoSDC-SILICORE/SSOOO/SSOOO_CPU.v Line: 334
Warning (10270): Verilog HDL Case Statement warning at alu.v(40): incomplete case statement has no default case item File: D:/GitHub Repos/JoSDC-SILICORE/SSOOO/functional unit/alu.v Line: 40
Warning (10240): Verilog HDL Always Construct warning at alu.v(40): inferring latch(es) for variable "Reg_res", which holds its previous value in one or more paths through the always construct File: D:/GitHub Repos/JoSDC-SILICORE/SSOOO/functional unit/alu.v Line: 40
Info (10041): Inferred latch for "Reg_res[0]" at alu.v(40) File: D:/GitHub Repos/JoSDC-SILICORE/SSOOO/functional unit/alu.v Line: 40
Info (10041): Inferred latch for "Reg_res[1]" at alu.v(40) File: D:/GitHub Repos/JoSDC-SILICORE/SSOOO/functional unit/alu.v Line: 40
Info (10041): Inferred latch for "Reg_res[2]" at alu.v(40) File: D:/GitHub Repos/JoSDC-SILICORE/SSOOO/functional unit/alu.v Line: 40
Info (10041): Inferred latch for "Reg_res[3]" at alu.v(40) File: D:/GitHub Repos/JoSDC-SILICORE/SSOOO/functional unit/alu.v Line: 40
Info (10041): Inferred latch for "Reg_res[4]" at alu.v(40) File: D:/GitHub Repos/JoSDC-SILICORE/SSOOO/functional unit/alu.v Line: 40
Info (10041): Inferred latch for "Reg_res[5]" at alu.v(40) File: D:/GitHub Repos/JoSDC-SILICORE/SSOOO/functional unit/alu.v Line: 40
Info (10041): Inferred latch for "Reg_res[6]" at alu.v(40) File: D:/GitHub Repos/JoSDC-SILICORE/SSOOO/functional unit/alu.v Line: 40
Info (10041): Inferred latch for "Reg_res[7]" at alu.v(40) File: D:/GitHub Repos/JoSDC-SILICORE/SSOOO/functional unit/alu.v Line: 40
Info (10041): Inferred latch for "Reg_res[8]" at alu.v(40) File: D:/GitHub Repos/JoSDC-SILICORE/SSOOO/functional unit/alu.v Line: 40
Info (10041): Inferred latch for "Reg_res[9]" at alu.v(40) File: D:/GitHub Repos/JoSDC-SILICORE/SSOOO/functional unit/alu.v Line: 40
Info (10041): Inferred latch for "Reg_res[10]" at alu.v(40) File: D:/GitHub Repos/JoSDC-SILICORE/SSOOO/functional unit/alu.v Line: 40
Info (10041): Inferred latch for "Reg_res[11]" at alu.v(40) File: D:/GitHub Repos/JoSDC-SILICORE/SSOOO/functional unit/alu.v Line: 40
Info (10041): Inferred latch for "Reg_res[12]" at alu.v(40) File: D:/GitHub Repos/JoSDC-SILICORE/SSOOO/functional unit/alu.v Line: 40
Info (10041): Inferred latch for "Reg_res[13]" at alu.v(40) File: D:/GitHub Repos/JoSDC-SILICORE/SSOOO/functional unit/alu.v Line: 40
Info (10041): Inferred latch for "Reg_res[14]" at alu.v(40) File: D:/GitHub Repos/JoSDC-SILICORE/SSOOO/functional unit/alu.v Line: 40
Info (10041): Inferred latch for "Reg_res[15]" at alu.v(40) File: D:/GitHub Repos/JoSDC-SILICORE/SSOOO/functional unit/alu.v Line: 40
Info (10041): Inferred latch for "Reg_res[16]" at alu.v(40) File: D:/GitHub Repos/JoSDC-SILICORE/SSOOO/functional unit/alu.v Line: 40
Info (10041): Inferred latch for "Reg_res[17]" at alu.v(40) File: D:/GitHub Repos/JoSDC-SILICORE/SSOOO/functional unit/alu.v Line: 40
Info (10041): Inferred latch for "Reg_res[18]" at alu.v(40) File: D:/GitHub Repos/JoSDC-SILICORE/SSOOO/functional unit/alu.v Line: 40
Info (10041): Inferred latch for "Reg_res[19]" at alu.v(40) File: D:/GitHub Repos/JoSDC-SILICORE/SSOOO/functional unit/alu.v Line: 40
Info (10041): Inferred latch for "Reg_res[20]" at alu.v(40) File: D:/GitHub Repos/JoSDC-SILICORE/SSOOO/functional unit/alu.v Line: 40
Info (10041): Inferred latch for "Reg_res[21]" at alu.v(40) File: D:/GitHub Repos/JoSDC-SILICORE/SSOOO/functional unit/alu.v Line: 40
Info (10041): Inferred latch for "Reg_res[22]" at alu.v(40) File: D:/GitHub Repos/JoSDC-SILICORE/SSOOO/functional unit/alu.v Line: 40
Info (10041): Inferred latch for "Reg_res[23]" at alu.v(40) File: D:/GitHub Repos/JoSDC-SILICORE/SSOOO/functional unit/alu.v Line: 40
Info (10041): Inferred latch for "Reg_res[24]" at alu.v(40) File: D:/GitHub Repos/JoSDC-SILICORE/SSOOO/functional unit/alu.v Line: 40
Info (10041): Inferred latch for "Reg_res[25]" at alu.v(40) File: D:/GitHub Repos/JoSDC-SILICORE/SSOOO/functional unit/alu.v Line: 40
Info (10041): Inferred latch for "Reg_res[26]" at alu.v(40) File: D:/GitHub Repos/JoSDC-SILICORE/SSOOO/functional unit/alu.v Line: 40
Info (10041): Inferred latch for "Reg_res[27]" at alu.v(40) File: D:/GitHub Repos/JoSDC-SILICORE/SSOOO/functional unit/alu.v Line: 40
Info (10041): Inferred latch for "Reg_res[28]" at alu.v(40) File: D:/GitHub Repos/JoSDC-SILICORE/SSOOO/functional unit/alu.v Line: 40
Info (10041): Inferred latch for "Reg_res[29]" at alu.v(40) File: D:/GitHub Repos/JoSDC-SILICORE/SSOOO/functional unit/alu.v Line: 40
Info (10041): Inferred latch for "Reg_res[30]" at alu.v(40) File: D:/GitHub Repos/JoSDC-SILICORE/SSOOO/functional unit/alu.v Line: 40
Info (10041): Inferred latch for "Reg_res[31]" at alu.v(40) File: D:/GitHub Repos/JoSDC-SILICORE/SSOOO/functional unit/alu.v Line: 40
Warning (12125): Using design file addressunit&ld_st buffer/addressunit.v, which is not specified as a design file for the current project, but contains definitions for 1 design units and 1 entities in project
    Info (12023): Found entity 1: AddressUnit File: D:/GitHub Repos/JoSDC-SILICORE/SSOOO/addressunit&ld_st buffer/addressunit.v Line: 21
Info (12128): Elaborating entity "AddressUnit" for hierarchy "SSOOO_CPU:cpu|AddressUnit:AU" File: D:/GitHub Repos/JoSDC-SILICORE/SSOOO/SSOOO_CPU.v Line: 383
Warning (12125): Using design file addressunit&ld_st buffer/ldstbuffer.v, which is not specified as a design file for the current project, but contains definitions for 1 design units and 1 entities in project
    Info (12023): Found entity 1: LdStBuffer File: D:/GitHub Repos/JoSDC-SILICORE/SSOOO/addressunit&ld_st buffer/ldstbuffer.v Line: 11
Info (12128): Elaborating entity "LdStBuffer" for hierarchy "SSOOO_CPU:cpu|LdStBuffer:ldstbuffer" File: D:/GitHub Repos/JoSDC-SILICORE/SSOOO/SSOOO_CPU.v Line: 440
Warning (10230): Verilog HDL assignment warning at ldstbuffer.v(135): truncated value with size 32 to match size of target (5) File: D:/GitHub Repos/JoSDC-SILICORE/SSOOO/addressunit&ld_st buffer/ldstbuffer.v Line: 135
Warning (10230): Verilog HDL assignment warning at ldstbuffer.v(143): truncated value with size 32 to match size of target (5) File: D:/GitHub Repos/JoSDC-SILICORE/SSOOO/addressunit&ld_st buffer/ldstbuffer.v Line: 143
Warning (10230): Verilog HDL assignment warning at ldstbuffer.v(186): truncated value with size 32 to match size of target (5) File: D:/GitHub Repos/JoSDC-SILICORE/SSOOO/addressunit&ld_st buffer/ldstbuffer.v Line: 186
Warning (10034): Output port "Reg_Write_Data_test" at ldstbuffer.v(50) has no driver File: D:/GitHub Repos/JoSDC-SILICORE/SSOOO/addressunit&ld_st buffer/ldstbuffer.v Line: 50
Warning (12125): Using design file memory unit/dm.v, which is not specified as a design file for the current project, but contains definitions for 1 design units and 1 entities in project
    Info (12023): Found entity 1: DM File: D:/GitHub Repos/JoSDC-SILICORE/SSOOO/memory unit/dm.v Line: 3
Info (12128): Elaborating entity "DM" for hierarchy "SSOOO_CPU:cpu|DM:datamemory" File: D:/GitHub Repos/JoSDC-SILICORE/SSOOO/SSOOO_CPU.v Line: 461
Info (12128): Elaborating entity "DataMemory_IP" for hierarchy "SSOOO_CPU:cpu|DM:datamemory|DataMemory_IP:DataMemory" File: D:/GitHub Repos/JoSDC-SILICORE/SSOOO/memory unit/dm.v Line: 54
Info (12128): Elaborating entity "altsyncram" for hierarchy "SSOOO_CPU:cpu|DM:datamemory|DataMemory_IP:DataMemory|altsyncram:altsyncram_component" File: D:/GitHub Repos/JoSDC-SILICORE/SSOOO/DataMemory_IP.v Line: 86
Info (12130): Elaborated megafunction instantiation "SSOOO_CPU:cpu|DM:datamemory|DataMemory_IP:DataMemory|altsyncram:altsyncram_component" File: D:/GitHub Repos/JoSDC-SILICORE/SSOOO/DataMemory_IP.v Line: 86
Info (12133): Instantiated megafunction "SSOOO_CPU:cpu|DM:datamemory|DataMemory_IP:DataMemory|altsyncram:altsyncram_component" with the following parameter: File: D:/GitHub Repos/JoSDC-SILICORE/SSOOO/DataMemory_IP.v Line: 86
    Info (12134): Parameter "clock_enable_input_a" = "BYPASS"
    Info (12134): Parameter "clock_enable_output_a" = "BYPASS"
    Info (12134): Parameter "init_file" = "DataMemory.MIF"
    Info (12134): Parameter "intended_device_family" = "MAX 10"
    Info (12134): Parameter "lpm_hint" = "ENABLE_RUNTIME_MOD=NO"
    Info (12134): Parameter "lpm_type" = "altsyncram"
    Info (12134): Parameter "numwords_a" = "1024"
    Info (12134): Parameter "operation_mode" = "SINGLE_PORT"
    Info (12134): Parameter "outdata_aclr_a" = "NONE"
    Info (12134): Parameter "outdata_reg_a" = "UNREGISTERED"
    Info (12134): Parameter "power_up_uninitialized" = "FALSE"
    Info (12134): Parameter "read_during_write_mode_port_a" = "NEW_DATA_NO_NBE_READ"
    Info (12134): Parameter "widthad_a" = "10"
    Info (12134): Parameter "width_a" = "32"
    Info (12134): Parameter "width_byteena_a" = "1"
Info (12021): Found 1 design units, including 1 entities, in source file db/altsyncram_e3i1.tdf
    Info (12023): Found entity 1: altsyncram_e3i1 File: D:/GitHub Repos/JoSDC-SILICORE/SSOOO/db/altsyncram_e3i1.tdf Line: 28
Info (12128): Elaborating entity "altsyncram_e3i1" for hierarchy "SSOOO_CPU:cpu|DM:datamemory|DataMemory_IP:DataMemory|altsyncram:altsyncram_component|altsyncram_e3i1:auto_generated" File: d:/quartus/devices_support/quartus/libraries/megafunctions/altsyncram.tdf Line: 792
Warning (12125): Using design file common data bus/cdb.v, which is not specified as a design file for the current project, but contains definitions for 1 design units and 1 entities in project
    Info (12023): Found entity 1: CDB File: D:/GitHub Repos/JoSDC-SILICORE/SSOOO/common data bus/cdb.v Line: 15
Info (12128): Elaborating entity "CDB" for hierarchy "SSOOO_CPU:cpu|CDB:cdb" File: D:/GitHub Repos/JoSDC-SILICORE/SSOOO/SSOOO_CPU.v Line: 492
Warning (12241): 5 hierarchies have connectivity warnings - see the Connectivity Checks report folder
Info (144001): Generated suppressed messages file D:/GitHub Repos/JoSDC-SILICORE/SSOOO/SSOOO_CPU.map.smsg
Info: Quartus Prime Analysis & Elaboration was successful. 0 errors, 39 warnings
    Info: Peak virtual memory: 4787 megabytes
    Info: Processing ended: Thu Jan 16 16:10:33 2025
    Info: Elapsed time: 00:00:09
    Info: Total CPU time (on all processors): 00:00:23


+--------------------------------------------+
; Analysis & Elaboration Suppressed Messages ;
+--------------------------------------------+
The suppressed messages can be found in D:/GitHub Repos/JoSDC-SILICORE/SSOOO/SSOOO_CPU.map.smsg.


