Flow report for SSOOO_CPU
Thu Jan 16 16:10:33 2025
Quartus Prime Version 23.1std.1 Build 993 05/14/2024 SC Lite Edition


---------------------
; Table of Contents ;
---------------------
  1. Legal Notice
  2. Flow Summary
  3. Flow Settings
  4. Flow Non-Default Global Settings
  5. Flow Elapsed Time
  6. Flow OS Summary
  7. Flow Log
  8. Flow Messages
  9. Flow Suppressed Messages



----------------
; Legal Notice ;
----------------
Copyright (C) 2024  Intel Corporation. All rights reserved.
Your use of Intel Corporation's design tools, logic functions 
and other software and tools, and any partner logic 
functions, and any output files from any of the foregoing 
(including device programming or simulation files), and any 
associated documentation or information are expressly subject 
to the terms and conditions of the Intel Program License 
Subscription Agreement, the Intel Quartus Prime License Agreement,
the Intel FPGA IP License Agreement, or other applicable license
agreement, including, without limitation, that your use is for
the sole purpose of programming logic devices manufactured by
Intel and sold by Intel or its authorized distributors.  Please
refer to the applicable agreement for further details, at
https://fpgasoftware.intel.com/eula.



+-------------------------------------------------------------------------------------+
; Flow Summary                                                                        ;
+------------------------------------+------------------------------------------------+
; Flow Status                        ; Successful - Thu Jan 16 16:10:33 2025          ;
; Quartus Prime Version              ; 23.1std.1 Build 993 05/14/2024 SC Lite Edition ;
; Revision Name                      ; SSOOO_CPU                                      ;
; Top-level Entity Name              ; SSOOO_Sim                                      ;
; Family                             ; MAX 10                                         ;
; Device                             ; 10M50DAF484C7G                                 ;
; Timing Models                      ; Final                                          ;
; Total logic elements               ; N/A until Partition Merge                      ;
;     Total combinational functions  ; N/A until Partition Merge                      ;
;     Dedicated logic registers      ; N/A until Partition Merge                      ;
; Total registers                    ; N/A until Partition Merge                      ;
; Total pins                         ; N/A until Partition Merge                      ;
; Total virtual pins                 ; N/A until Partition Merge                      ;
; Total memory bits                  ; N/A until Partition Merge                      ;
; Embedded Multiplier 9-bit elements ; N/A until Partition Merge                      ;
; Total PLLs                         ; N/A until Partition Merge                      ;
; UFM blocks                         ; N/A until Partition Merge                      ;
; ADC blocks                         ; N/A until Partition Merge                      ;
+------------------------------------+------------------------------------------------+


+-----------------------------------------+
; Flow Settings                           ;
+-------------------+---------------------+
; Option            ; Setting             ;
+-------------------+---------------------+
; Start date & time ; 01/16/2025 16:10:24 ;
; Main task         ; Compilation         ;
; Revision Name     ; SSOOO_CPU           ;
+-------------------+---------------------+


+------------------------------------------------------------------------------------------------------------------------------+
; Flow Non-Default Global Settings                                                                                             ;
+--------------------------------------+----------------------------------------+---------------+-------------+----------------+
; Assignment Name                      ; Value                                  ; Default Value ; Entity Name ; Section Id     ;
+--------------------------------------+----------------------------------------+---------------+-------------+----------------+
; COMPILER_SIGNATURE_ID                ; 92384138571169.173703302418648         ; --            ; --          ; --             ;
; EDA_DESIGN_INSTANCE_NAME             ; NA                                     ; --            ; --          ; SSOOO_Sim      ;
; EDA_NATIVELINK_SIMULATION_TEST_BENCH ; SSOOO_Sim                              ; --            ; --          ; eda_simulation ;
; EDA_OUTPUT_DATA_FORMAT               ; Verilog Hdl                            ; --            ; --          ; eda_simulation ;
; EDA_SIMULATION_TOOL                  ; Questa Intel FPGA (Verilog)            ; <None>        ; --          ; --             ;
; EDA_TEST_BENCH_ENABLE_STATUS         ; TEST_BENCH_MODE                        ; --            ; --          ; eda_simulation ;
; EDA_TEST_BENCH_FILE                  ; SSOOO_Sim.v                            ; --            ; --          ; SSOOO_Sim      ;
; EDA_TEST_BENCH_MODULE_NAME           ; SSOOO_Sim                              ; --            ; --          ; SSOOO_Sim      ;
; EDA_TEST_BENCH_NAME                  ; SSOOO_Sim                              ; --            ; --          ; eda_simulation ;
; EDA_TIME_SCALE                       ; 1 ps                                   ; --            ; --          ; eda_simulation ;
; MAX_CORE_JUNCTION_TEMP               ; 85                                     ; --            ; --          ; --             ;
; MIN_CORE_JUNCTION_TEMP               ; 0                                      ; --            ; --          ; --             ;
; MISC_FILE                            ; DataMemory_IP.bsf                      ; --            ; --          ; --             ;
; MISC_FILE                            ; DataMemory_IP_bb.v                     ; --            ; --          ; --             ;
; OUTPUT_IO_TIMING_FAR_END_VMEAS       ; Half Signal Swing                      ; --            ; --          ; --             ;
; OUTPUT_IO_TIMING_FAR_END_VMEAS       ; Half Signal Swing                      ; --            ; --          ; --             ;
; OUTPUT_IO_TIMING_NEAR_END_VMEAS      ; Half Vccio                             ; --            ; --          ; --             ;
; OUTPUT_IO_TIMING_NEAR_END_VMEAS      ; Half Vccio                             ; --            ; --          ; --             ;
; PARTITION_COLOR                      ; -- (Not supported for targeted family) ; --            ; SSOOO_Sim   ; Top            ;
; PARTITION_FITTER_PRESERVATION_LEVEL  ; -- (Not supported for targeted family) ; --            ; SSOOO_Sim   ; Top            ;
; PARTITION_NETLIST_TYPE               ; -- (Not supported for targeted family) ; --            ; SSOOO_Sim   ; Top            ;
; POWER_BOARD_THERMAL_MODEL            ; None (CONSERVATIVE)                    ; --            ; --          ; --             ;
; POWER_PRESET_COOLING_SOLUTION        ; 23 MM HEAT SINK WITH 200 LFPM AIRFLOW  ; --            ; --          ; --             ;
; SEARCH_PATH                          ; reorder buffer                         ; --            ; --          ; --             ;
; SEARCH_PATH                          ; reservation station                    ; --            ; --          ; --             ;
; SEARCH_PATH                          ; register file                          ; --            ; --          ; --             ;
; SEARCH_PATH                          ; memory unit                            ; --            ; --          ; --             ;
; SEARCH_PATH                          ; instruction queue                      ; --            ; --          ; --             ;
; SEARCH_PATH                          ; functional unit                        ; --            ; --          ; --             ;
; SEARCH_PATH                          ; common data bus                        ; --            ; --          ; --             ;
; SEARCH_PATH                          ; addressunit&ld_st buffer               ; --            ; --          ; --             ;
; TOP_LEVEL_ENTITY                     ; SSOOO_Sim                              ; SSOOO_CPU     ; --          ; --             ;
+--------------------------------------+----------------------------------------+---------------+-------------+----------------+


+----------------------------------------------------------------------------------------------------------------------------+
; Flow Elapsed Time                                                                                                          ;
+------------------------+--------------+-------------------------+---------------------+------------------------------------+
; Module Name            ; Elapsed Time ; Average Processors Used ; Peak Virtual Memory ; Total CPU Time (on all processors) ;
+------------------------+--------------+-------------------------+---------------------+------------------------------------+
; Analysis & Elaboration ; 00:00:09     ; 1.0                     ; 4787 MB             ; 00:00:23                           ;
; Total                  ; 00:00:09     ; --                      ; --                  ; 00:00:23                           ;
+------------------------+--------------+-------------------------+---------------------+------------------------------------+


+--------------------------------------------------------------------------------------+
; Flow OS Summary                                                                      ;
+------------------------+------------------+------------+------------+----------------+
; Module Name            ; Machine Hostname ; OS Name    ; OS Version ; Processor type ;
+------------------------+------------------+------------+------------+----------------+
; Analysis & Elaboration ; DESKTOP-E5177QH  ; Windows 10 ; 10.0       ; x86_64         ;
+------------------------+------------------+------------+------------+----------------+


------------
; Flow Log ;
------------
quartus_map --read_settings_files=on --write_settings_files=off SSOOO_CPU -c SSOOO_CPU --analysis_and_elaboration



