Flow report for VGA_Interface
Thu Feb  6 01:36:01 2025
Quartus Prime Version 23.1std.1 Build 993 05/14/2024 SC Lite Edition


---------------------
; Table of Contents ;
---------------------
  1. Legal Notice
  2. Flow Summary
  3. Flow Settings
  4. Flow Non-Default Global Settings
  5. Flow Elapsed Time
  6. Flow OS Summary
  7. Flow Log
  8. Flow Messages
  9. Flow Suppressed Messages



----------------
; Legal Notice ;
----------------
Copyright (C) 2024  Intel Corporation. All rights reserved.
Your use of Intel Corporation's design tools, logic functions 
and other software and tools, and any partner logic 
functions, and any output files from any of the foregoing 
(including device programming or simulation files), and any 
associated documentation or information are expressly subject 
to the terms and conditions of the Intel Program License 
Subscription Agreement, the Intel Quartus Prime License Agreement,
the Intel FPGA IP License Agreement, or other applicable license
agreement, including, without limitation, that your use is for
the sole purpose of programming logic devices manufactured by
Intel and sold by Intel or its authorized distributors.  Please
refer to the applicable agreement for further details, at
https://fpgasoftware.intel.com/eula.



+-------------------------------------------------------------------------------------+
; Flow Summary                                                                        ;
+------------------------------------+------------------------------------------------+
; Flow Status                        ; Successful - Thu Feb  6 01:35:50 2025          ;
; Quartus Prime Version              ; 23.1std.1 Build 993 05/14/2024 SC Lite Edition ;
; Revision Name                      ; VGA_Interface                                  ;
; Top-level Entity Name              ; VGA_Interface                                  ;
; Family                             ; MAX 10                                         ;
; Device                             ; 10M50DAF484C7G                                 ;
; Timing Models                      ; Final                                          ;
; Total logic elements               ; 18,849 / 49,760 ( 38 % )                       ;
;     Total combinational functions  ; 18,283 / 49,760 ( 37 % )                       ;
;     Dedicated logic registers      ; 4,712 / 49,760 ( 9 % )                         ;
; Total registers                    ; 4712                                           ;
; Total pins                         ; 87 / 360 ( 24 % )                              ;
; Total virtual pins                 ; 0                                              ;
; Total memory bits                  ; 180,736 / 1,677,312 ( 11 % )                   ;
; Embedded Multiplier 9-bit elements ; 0 / 288 ( 0 % )                                ;
; Total PLLs                         ; 1 / 4 ( 25 % )                                 ;
; UFM blocks                         ; 0 / 1 ( 0 % )                                  ;
; ADC blocks                         ; 0 / 2 ( 0 % )                                  ;
+------------------------------------+------------------------------------------------+


+-----------------------------------------+
; Flow Settings                           ;
+-------------------+---------------------+
; Option            ; Setting             ;
+-------------------+---------------------+
; Start date & time ; 02/06/2025 01:33:51 ;
; Main task         ; Compilation         ;
; Revision Name     ; VGA_Interface       ;
+-------------------+---------------------+


+-------------------------------------------------------------------------------------------------------------------------+
; Flow Non-Default Global Settings                                                                                        ;
+-------------------------------------+----------------------------------------+---------------+-------------+------------+
; Assignment Name                     ; Value                                  ; Default Value ; Entity Name ; Section Id ;
+-------------------------------------+----------------------------------------+---------------+-------------+------------+
; COMPILER_SIGNATURE_ID               ; 92384138571169.173879483106728         ; --            ; --          ; --         ;
; MISC_FILE                           ; VGA_PLL.bsf                            ; --            ; --          ; --         ;
; MISC_FILE                           ; VGA_PLL_inst.v                         ; --            ; --          ; --         ;
; MISC_FILE                           ; VGA_PLL_bb.v                           ; --            ; --          ; --         ;
; MISC_FILE                           ; VGA_PLL.inc                            ; --            ; --          ; --         ;
; MISC_FILE                           ; VGA_PLL.cmp                            ; --            ; --          ; --         ;
; MISC_FILE                           ; VGA_PLL.ppf                            ; --            ; --          ; --         ;
; MISC_FILE                           ; ImageStatic_bb.v                       ; --            ; --          ; --         ;
; MISC_FILE                           ; CharMap.bsf                            ; --            ; --          ; --         ;
; MISC_FILE                           ; CharMap_inst.v                         ; --            ; --          ; --         ;
; MISC_FILE                           ; CharMap_bb.v                           ; --            ; --          ; --         ;
; MISC_FILE                           ; CharMap.inc                            ; --            ; --          ; --         ;
; MISC_FILE                           ; CharMap.cmp                            ; --            ; --          ; --         ;
; MISC_FILE                           ; CPU_PLL_bb.v                           ; --            ; --          ; --         ;
; MISC_FILE                           ; CPU_PLL.ppf                            ; --            ; --          ; --         ;
; OUTPUT_IO_TIMING_FAR_END_VMEAS      ; Half Signal Swing                      ; --            ; --          ; --         ;
; OUTPUT_IO_TIMING_FAR_END_VMEAS      ; Half Signal Swing                      ; --            ; --          ; --         ;
; OUTPUT_IO_TIMING_NEAR_END_VMEAS     ; Half Vccio                             ; --            ; --          ; --         ;
; OUTPUT_IO_TIMING_NEAR_END_VMEAS     ; Half Vccio                             ; --            ; --          ; --         ;
; PARTITION_COLOR                     ; -- (Not supported for targeted family) ; --            ; --          ; Top        ;
; PARTITION_FITTER_PRESERVATION_LEVEL ; -- (Not supported for targeted family) ; --            ; --          ; Top        ;
; PARTITION_NETLIST_TYPE              ; -- (Not supported for targeted family) ; --            ; --          ; Top        ;
+-------------------------------------+----------------------------------------+---------------+-------------+------------+


+--------------------------------------------------------------------------------------------------------------------------+
; Flow Elapsed Time                                                                                                        ;
+----------------------+--------------+-------------------------+---------------------+------------------------------------+
; Module Name          ; Elapsed Time ; Average Processors Used ; Peak Virtual Memory ; Total CPU Time (on all processors) ;
+----------------------+--------------+-------------------------+---------------------+------------------------------------+
; Analysis & Synthesis ; 00:00:36     ; 1.0                     ; 4976 MB             ; 00:00:48                           ;
; Fitter               ; 00:01:13     ; 1.6                     ; 6077 MB             ; 00:03:12                           ;
; Assembler            ; 00:00:03     ; 1.0                     ; 4882 MB             ; 00:00:03                           ;
; Timing Analyzer      ; 00:00:10     ; 3.2                     ; 5062 MB             ; 00:00:29                           ;
; Total                ; 00:02:02     ; --                      ; --                  ; 00:04:32                           ;
+----------------------+--------------+-------------------------+---------------------+------------------------------------+


+------------------------------------------------------------------------------------+
; Flow OS Summary                                                                    ;
+----------------------+------------------+------------+------------+----------------+
; Module Name          ; Machine Hostname ; OS Name    ; OS Version ; Processor type ;
+----------------------+------------------+------------+------------+----------------+
; Analysis & Synthesis ; DESKTOP-E5177QH  ; Windows 10 ; 10.0       ; x86_64         ;
; Fitter               ; DESKTOP-E5177QH  ; Windows 10 ; 10.0       ; x86_64         ;
; Assembler            ; DESKTOP-E5177QH  ; Windows 10 ; 10.0       ; x86_64         ;
; Timing Analyzer      ; DESKTOP-E5177QH  ; Windows 10 ; 10.0       ; x86_64         ;
+----------------------+------------------+------------+------------+----------------+


------------
; Flow Log ;
------------
quartus_map --read_settings_files=on --write_settings_files=off VGA_Interface -c VGA_Interface
quartus_fit --read_settings_files=off --write_settings_files=off VGA_Interface -c VGA_Interface
quartus_asm --read_settings_files=off --write_settings_files=off VGA_Interface -c VGA_Interface
quartus_sta VGA_Interface -c VGA_Interface



